<?xml version="1.0" encoding="UTF-8"?>
<testsuite name="com.omnigon.yahoo.RunnerTest" time="2.784" tests="80" errors="0" skipped="0" failures="0">
  <properties>
    <property name="java.runtime.name" value="Java(TM) SE Runtime Environment"/>
    <property name="sun.boot.library.path" value="/usr/lib/jvm/java-8-oracle/jre/lib/amd64"/>
    <property name="java.vm.version" value="25.60-b23"/>
    <property name="java.vm.vendor" value="Oracle Corporation"/>
    <property name="java.vendor.url" value="http://java.oracle.com/"/>
    <property name="path.separator" value=":"/>
    <property name="guice.disable.misplaced.annotation.check" value="true"/>
    <property name="java.vm.name" value="Java HotSpot(TM) 64-Bit Server VM"/>
    <property name="file.encoding.pkg" value="sun.io"/>
    <property name="user.country" value="US"/>
    <property name="sun.java.launcher" value="SUN_STANDARD"/>
    <property name="sun.os.patch.level" value="unknown"/>
    <property name="java.vm.specification.name" value="Java Virtual Machine Specification"/>
    <property name="user.dir" value="/home/iklymchuk/FL/workspace/testOmnigonCucumber"/>
    <property name="java.runtime.version" value="1.8.0_60-b27"/>
    <property name="java.awt.graphicsenv" value="sun.awt.X11GraphicsEnvironment"/>
    <property name="java.endorsed.dirs" value="/usr/lib/jvm/java-8-oracle/jre/lib/endorsed"/>
    <property name="os.arch" value="amd64"/>
    <property name="java.io.tmpdir" value="/tmp"/>
    <property name="line.separator" value="&#10;"/>
    <property name="java.vm.specification.vendor" value="Oracle Corporation"/>
    <property name="os.name" value="Linux"/>
    <property name="classworlds.conf" value="/usr/share/maven/bin/m2.conf"/>
    <property name="sun.jnu.encoding" value="UTF-8"/>
    <property name="java.library.path" value="/usr/java/packages/lib/amd64:/usr/lib64:/lib64:/lib:/usr/lib"/>
    <property name="java.specification.name" value="Java Platform API Specification"/>
    <property name="java.class.version" value="52.0"/>
    <property name="sun.management.compiler" value="HotSpot 64-Bit Tiered Compilers"/>
    <property name="os.version" value="3.13.0-61-generic"/>
    <property name="user.home" value="/home/iklymchuk"/>
    <property name="user.timezone" value="Europe/Kiev"/>
    <property name="java.awt.printerjob" value="sun.print.PSPrinterJob"/>
    <property name="file.encoding" value="UTF-8"/>
    <property name="java.specification.version" value="1.8"/>
    <property name="user.name" value="iklymchuk"/>
    <property name="java.class.path" value="/usr/share/maven/boot/plexus-classworlds-2.x.jar"/>
    <property name="java.vm.specification.version" value="1.8"/>
    <property name="sun.arch.data.model" value="64"/>
    <property name="java.home" value="/usr/lib/jvm/java-8-oracle/jre"/>
    <property name="sun.java.command" value="org.codehaus.plexus.classworlds.launcher.Launcher clean test"/>
    <property name="java.specification.vendor" value="Oracle Corporation"/>
    <property name="user.language" value="en"/>
    <property name="awt.toolkit" value="sun.awt.X11.XToolkit"/>
    <property name="java.vm.info" value="mixed mode"/>
    <property name="java.version" value="1.8.0_60"/>
    <property name="java.ext.dirs" value="/usr/lib/jvm/java-8-oracle/jre/lib/ext:/usr/java/packages/lib/ext"/>
    <property name="securerandom.source" value="file:/dev/./urandom"/>
    <property name="sun.boot.class.path" value="/usr/lib/jvm/java-8-oracle/jre/lib/resources.jar:/usr/lib/jvm/java-8-oracle/jre/lib/rt.jar:/usr/lib/jvm/java-8-oracle/jre/lib/sunrsasign.jar:/usr/lib/jvm/java-8-oracle/jre/lib/jsse.jar:/usr/lib/jvm/java-8-oracle/jre/lib/jce.jar:/usr/lib/jvm/java-8-oracle/jre/lib/charsets.jar:/usr/lib/jvm/java-8-oracle/jre/lib/jfr.jar:/usr/lib/jvm/java-8-oracle/jre/classes"/>
    <property name="java.vendor" value="Oracle Corporation"/>
    <property name="maven.home" value="/usr/share/maven"/>
    <property name="file.separator" value="/"/>
    <property name="java.vendor.url.bug" value="http://bugreport.sun.com/bugreport/"/>
    <property name="sun.cpu.endian" value="little"/>
    <property name="sun.io.unicode.encoding" value="UnicodeLittle"/>
    <property name="sun.desktop" value="gnome"/>
    <property name="sun.cpu.isalist" value=""/>
  </properties>
  <testcase name="Given I am on the yahoo home page" classname="| nav-mail | Yahoo - login |" time="0.068"/>
  <testcase name="When I click on nav-mail" classname="| nav-mail | Yahoo - login |" time="0.002"/>
  <testcase name="Then I check that page has Yahoo - login" classname="| nav-mail | Yahoo - login |" time="0"/>
  <testcase name="| nav-mail | Yahoo - login |" classname="| nav-mail | Yahoo - login |" time="0.096"/>
  <testcase name="Given I am on the yahoo home page" classname="| nav-news | Yahoo News - Latest News &amp; Headlines |" time="0.001"/>
  <testcase name="When I click on nav-news" classname="| nav-news | Yahoo News - Latest News &amp; Headlines |" time="0.002"/>
  <testcase name="Then I check that page has Yahoo News - Latest News &amp; Headlines" classname="| nav-news | Yahoo News - Latest News &amp; Headlines |" time="0"/>
  <testcase name="| nav-news | Yahoo News - Latest News &amp; Headlines |" classname="| nav-news | Yahoo News - Latest News &amp; Headlines |" time="0.077"/>
  <testcase name="Given I am on the yahoo home page" classname="| nav-sports | Yahoo Sports – Sports News, Scores, Rumors, Fantasy Games, and more |" time="0.001"/>
  <testcase name="When I click on nav-sports" classname="| nav-sports | Yahoo Sports – Sports News, Scores, Rumors, Fantasy Games, and more |" time="0.001"/>
  <testcase name="Then I check that page has Yahoo Sports – Sports News, Scores, Rumors, Fantasy Games, and more" classname="| nav-sports | Yahoo Sports – Sports News, Scores, Rumors, Fantasy Games, and more |" time="0"/>
  <testcase name="| nav-sports | Yahoo Sports – Sports News, Scores, Rumors, Fantasy Games, and more |" classname="| nav-sports | Yahoo Sports – Sports News, Scores, Rumors, Fantasy Games, and more |" time="0.242"/>
  <testcase name="Given I am on the yahoo home page" classname="| nav-stock | Yahoo Finance - Business Finance, Stock Market, Quotes, News |" time="0.001"/>
  <testcase name="When I click on nav-stock" classname="| nav-stock | Yahoo Finance - Business Finance, Stock Market, Quotes, News |" time="0"/>
  <testcase name="Then I check that page has Yahoo Finance - Business Finance, Stock Market, Quotes, News" classname="| nav-stock | Yahoo Finance - Business Finance, Stock Market, Quotes, News |" time="0.001"/>
  <testcase name="| nav-stock | Yahoo Finance - Business Finance, Stock Market, Quotes, News |" classname="| nav-stock | Yahoo Finance - Business Finance, Stock Market, Quotes, News |" time="0.223"/>
  <testcase name="Given I am on the yahoo home page" classname="| nav-wthr | Yahoo Weather - Weather Forecasts |" time="0.001"/>
  <testcase name="When I click on nav-wthr" classname="| nav-wthr | Yahoo Weather - Weather Forecasts |" time="0"/>
  <testcase name="Then I check that page has Yahoo Weather - Weather Forecasts" classname="| nav-wthr | Yahoo Weather - Weather Forecasts |" time="0"/>
  <testcase name="| nav-wthr | Yahoo Weather - Weather Forecasts |" classname="| nav-wthr | Yahoo Weather - Weather Forecasts |" time="0.078"/>
  <testcase name="Given I am on the yahoo home page" classname="| nav-autos | Yahoo Autos |" time="0.001"/>
  <testcase name="When I click on nav-autos" classname="| nav-autos | Yahoo Autos |" time="0"/>
  <testcase name="Then I check that page has Yahoo Autos" classname="| nav-autos | Yahoo Autos |" time="0.002"/>
  <testcase name="| nav-autos | Yahoo Autos |" classname="| nav-autos | Yahoo Autos |" time="0.081"/>
  <testcase name="Given I am on the yahoo home page" classname="| nav-fntsyfb | Fantasy Football |" time="0.001"/>
  <testcase name="When I click on nav-fntsyfb" classname="| nav-fntsyfb | Fantasy Football |" time="0"/>
  <testcase name="Then I check that page has Fantasy Football" classname="| nav-fntsyfb | Fantasy Football |" time="0"/>
  <testcase name="| nav-fntsyfb | Fantasy Football |" classname="| nav-fntsyfb | Fantasy Football |" time="0.068"/>
  <testcase name="Given I am on the yahoo home page" classname="| nav-shpg | Yahoo Shopping - Online Shopping with great products, prices and reviews |" time="0.002"/>
  <testcase name="When I click on nav-shpg" classname="| nav-shpg | Yahoo Shopping - Online Shopping with great products, prices and reviews |" time="0"/>
  <testcase name="Then I check that page has Yahoo Shopping - Online Shopping with great products, prices and reviews" classname="| nav-shpg | Yahoo Shopping - Online Shopping with great products, prices and reviews |" time="0"/>
  <testcase name="| nav-shpg | Yahoo Shopping - Online Shopping with great products, prices and reviews |" classname="| nav-shpg | Yahoo Shopping - Online Shopping with great products, prices and reviews |" time="0.594"/>
  <testcase name="Given I am on the yahoo home page" classname="| nav-diy | Yahoo Makers |" time="0"/>
  <testcase name="When I click on nav-diy" classname="| nav-diy | Yahoo Makers |" time="0.001"/>
  <testcase name="Then I check that page has Yahoo Makers" classname="| nav-diy | Yahoo Makers |" time="0"/>
  <testcase name="| nav-diy | Yahoo Makers |" classname="| nav-diy | Yahoo Makers |" time="0.085"/>
  <testcase name="Given I am on the yahoo home page" classname="| nav-parenting | Yahoo Parenting |" time="0.001"/>
  <testcase name="When I click on nav-parenting" classname="| nav-parenting | Yahoo Parenting |" time="0"/>
  <testcase name="Then I check that page has Yahoo Parenting" classname="| nav-parenting | Yahoo Parenting |" time="0"/>
  <testcase name="| nav-parenting | Yahoo Parenting |" classname="| nav-parenting | Yahoo Parenting |" time="0.078"/>
  <testcase name="Given I am on the yahoo home page" classname="| nav-health | Yahoo Health |" time="0.001"/>
  <testcase name="When I click on nav-health" classname="| nav-health | Yahoo Health |" time="0"/>
  <testcase name="Then I check that page has Yahoo Health" classname="| nav-health | Yahoo Health |" time="0"/>
  <testcase name="| nav-health | Yahoo Health |" classname="| nav-health | Yahoo Health |" time="0.073"/>
  <testcase name="Given I am on the yahoo home page" classname="| nav-style | Yahoo Style |" time="0.001"/>
  <testcase name="When I click on nav-style" classname="| nav-style | Yahoo Style |" time="0"/>
  <testcase name="Then I check that page has Yahoo Style" classname="| nav-style | Yahoo Style |" time="0"/>
  <testcase name="| nav-style | Yahoo Style |" classname="| nav-style | Yahoo Style |" time="0.068"/>
  <testcase name="Given I am on the yahoo home page" classname="| nav-beauty | Yahoo Beauty |" time="0"/>
  <testcase name="When I click on nav-beauty" classname="| nav-beauty | Yahoo Beauty |" time="0.001"/>
  <testcase name="Then I check that page has Yahoo Beauty" classname="| nav-beauty | Yahoo Beauty |" time="0"/>
  <testcase name="| nav-beauty | Yahoo Beauty |" classname="| nav-beauty | Yahoo Beauty |" time="0.184"/>
  <testcase name="Given I am on the yahoo home page" classname="| nav-politics | Yahoo Politics |" time="0.001"/>
  <testcase name="When I click on nav-politics" classname="| nav-politics | Yahoo Politics |" time="0"/>
  <testcase name="Then I check that page has Yahoo Politics" classname="| nav-politics | Yahoo Politics |" time="0"/>
  <testcase name="| nav-politics | Yahoo Politics |" classname="| nav-politics | Yahoo Politics |" time="0.076"/>
  <testcase name="Given I am on the yahoo home page" classname="| nav-movie | Yahoo Movies |" time="0.001"/>
  <testcase name="When I click on nav-movie" classname="| nav-movie | Yahoo Movies |" time="0"/>
  <testcase name="Then I check that page has Yahoo Movies" classname="| nav-movie | Yahoo Movies |" time="0.001"/>
  <testcase name="| nav-movie | Yahoo Movies |" classname="| nav-movie | Yahoo Movies |" time="0.261"/>
  <testcase name="Given I am on the yahoo home page" classname="| nav-travel | Yahoo Travel |" time="0"/>
  <testcase name="When I click on nav-travel" classname="| nav-travel | Yahoo Travel |" time="0"/>
  <testcase name="Then I check that page has Yahoo Travel" classname="| nav-travel | Yahoo Travel |" time="0"/>
  <testcase name="| nav-travel | Yahoo Travel |" classname="| nav-travel | Yahoo Travel |" time="0.073"/>
  <testcase name="Given I am on the yahoo home page" classname="| nav-tech | Yahoo Tech |" time="0"/>
  <testcase name="When I click on nav-tech" classname="| nav-tech | Yahoo Tech |" time="0"/>
  <testcase name="Then I check that page has Yahoo Tech" classname="| nav-tech | Yahoo Tech |" time="0"/>
  <testcase name="| nav-tech | Yahoo Tech |" classname="| nav-tech | Yahoo Tech |" time="0.082"/>
  <testcase name="Given I am on the yahoo home page" classname="| nav-tv | Yahoo TV |" time="0.001"/>
  <testcase name="When I click on nav-tv" classname="| nav-tv | Yahoo TV |" time="0"/>
  <testcase name="Then I check that page has Yahoo TV" classname="| nav-tv | Yahoo TV |" time="0"/>
  <testcase name="| nav-tv | Yahoo TV |" classname="| nav-tv | Yahoo TV |" time="0.091"/>
  <testcase name="Given I am on the yahoo home page" classname="| nav-omg | Yahoo Celebrity |" time="0.001"/>
  <testcase name="When I click on nav-omg" classname="| nav-omg | Yahoo Celebrity |" time="0"/>
  <testcase name="Then I check that page has Yahoo Celebrity" classname="| nav-omg | Yahoo Celebrity |" time="0.001"/>
  <testcase name="| nav-omg | Yahoo Celebrity |" classname="| nav-omg | Yahoo Celebrity |" time="0.076"/>
  <testcase name="Given I am on the yahoo home page" classname="| nav-games | Yahoo Games - Play Free Online Games |" time="0.001"/>
  <testcase name="When I click on nav-games" classname="| nav-games | Yahoo Games - Play Free Online Games |" time="0"/>
  <testcase name="Then I check that page has Yahoo Games - Play Free Online Games" classname="| nav-games | Yahoo Games - Play Free Online Games |" time="0"/>
  <testcase name="| nav-games | Yahoo Games - Play Free Online Games |" classname="| nav-games | Yahoo Games - Play Free Online Games |" time="0.082"/>
</testsuite>